<?xml version="1.0" encoding="UTF-8"?>
<testsuite xmlns:xsi="http://www.w3.org/2001/XMLSchema-instance" xsi:noNamespaceSchemaLocation="https://maven.apache.org/surefire/maven-surefire-plugin/xsd/surefire-test-report.xsd" name="com.server.TestWebServer" time="0.886" tests="9" errors="0" skipped="0" failures="0">
  <properties>
[...]
</properties>
  <testcase name="requestPUTShouldFail on requestPUTShouldFail(com.server.TestWebServer)" classname="com.server.TestWebServer" time="0.541"/>
  <testcase name="requestDELETEShouldFail on requestDELETEShouldFail(com.server.TestWebServer)" classname="com.server.TestWebServer" time="0.019"/>
  <testcase name="requestPATCHShouldFail on requestPATCHShouldFail(com.server.TestWebServer)" classname="com.server.TestWebServer" time="0.021"/>
  <testcase name="requestGETExistingShouldSucceed on requestGETExistingShouldSucceed(com.server.TestWebServer)" classname="com.server.TestWebServer" time="0.034"/>
  <testcase name="requestHEADExistingShouldSucceed on requestHEADExistingShouldSucceed(com.server.TestWebServer)" classname="com.server.TestWebServer" time="0.03"/>
  <testcase name="requestGETNonExistingShouldFail on requestGETNonExistingShouldFail(com.server.TestWebServer)" classname="com.server.TestWebServer" time="0.015"/>
  <testcase name="requestOPTIONSShouldFail on requestOPTIONSShouldFail(com.server.TestWebServer)" classname="com.server.TestWebServer" time="0.017"/>
  <testcase name="requestPOSTShouldFail on requestPOSTShouldFail(com.server.TestWebServer)" classname="com.server.TestWebServer" time="0.016"/>
  <testcase name="requestHEADNonExistingShouldFail on requestHEADNonExistingShouldFail(com.server.TestWebServer)" classname="com.server.TestWebServer" time="0.012"/>
</testsuite>