<?xml version="1.0" encoding="UTF-8"?>
<testng-results ignored="0" total="0" passed="0" failed="0" skipped="0">
  <reporter-output>
  </reporter-output>
  <suite started-at="2022-02-12T21:59:40 CET" name="com.server.TestWebServer" finished-at="2022-02-12T21:59:40 CET" duration-ms="5">
    <groups>
    </groups>
    <test started-at="2022-02-12T21:59:40 CET" name="Command line test" finished-at="2022-02-12T21:59:40 CET" duration-ms="5">
    </test> <!-- Command line test -->
  </suite> <!-- com.server.TestWebServer -->
</testng-results>
